#
# A fatal error has been detected by the Java Runtime Environment:
#
#  SIGSEGV (0xb) at pc=0x0000000101ed5a34, pid=74406, tid=0x0000000000004807
#
# JRE version: OpenJDK Runtime Environment (8.0_152-b01) (build 1.8.0_152-release-1024-b01)
# Java VM: OpenJDK 64-Bit Server VM (25.152-b01 mixed mode bsd-amd64 compressed oops)
# Problematic frame:
# V  [libjvm.dylib+0x4d8a34]  Symbol::as_C_string() const+0xa
#
# Failed to write core dump. Core dumps have been disabled. To enable core dumping, try "ulimit -c unlimited" before starting Java again
#
# If you would like to submit a bug report, please visit:
#   http://bugreport.java.com/bugreport/crash.jsp
#

---------------  T H R E A D  ---------------

Current thread (0x00007ffeaf003800):  JavaThread "JDWP Transport Listener: dt_socket" daemon [_thread_in_vm, id=18439, stack(0x000070000cb30000,0x000070000cc30000)]

siginfo: si_signo: 11 (SIGSEGV), si_code: 1 (SEGV_MAPERR), si_addr: 0x0000000000000000

Registers:
RAX=0x0000000101bc8139, RBX=0x0000000000000000, RCX=0x0000000101bc81d0, RDX=0x0000000000000003
RSP=0x000070000cc2f8d0, RBP=0x000070000cc2f8e0, RSI=0x0000000000000000, RDI=0x0000000000000000
R8 =0x0000000000000000, R9 =0x0000000000000031, R10=0x000007ffeae57389, R11=0x00007ffeae500000
R12=0x000000011bdf4068, R13=0x000000000000002f, R14=0x0000000000000000, R15=0x00007ffeae57383b
RIP=0x0000000101ed5a34, EFLAGS=0x0000000000010207, ERR=0x0000000000000004
  TRAPNO=0x000000000000000e

Top of Stack: (sp=0x000070000cc2f8d0)
0x000070000cc2f8d0:   0000000000000000 00007ffeae688fd0
0x000070000cc2f8e0:   000070000cc2f900 0000000101bc8d59
0x000070000cc2f8f0:   0000000000000003 000000000000002f
0x000070000cc2f900:   000070000cc2f960 0000000101bc814d
0x000070000cc2f910:   000070000cc2f950 000000010846c0d1
0x000070000cc2f920:   00007ffeae688fd0 00007ffeae573570
0x000070000cc2f930:   0000001900000037 000000011bdf4068
0x000070000cc2f940:   00007ffeaf003800 00007ffeaf003800
0x000070000cc2f950:   00007ffeae573570 000070000cc2f9e8
0x000070000cc2f960:   000070000cc2f9a0 0000000101d3e059
0x000070000cc2f970:   0000000000000000 000000011bdf4068
0x000070000cc2f980:   00007ffeae573570 000000011bdf4068
0x000070000cc2f990:   000000000000031e 000070000cc2f9e8
0x000070000cc2f9a0:   000070000cc2fa90 0000000101d3dfb6
0x000070000cc2f9b0:   00007ffeaf003800 00007ffeae60edc0
0x000070000cc2f9c0:   00007ffeae6102e0 00007ffeae6102f0
0x000070000cc2f9d0:   00007ffeae6103c8 00000000000000d8
0x000070000cc2f9e0:   000070000cc2fde0 000000010000031e
0x000070000cc2f9f0:   00007ffeae688fd0 00007ffeae6ed030
0x000070000cc2fa00:   000000011bdf4068 00007ffeaf003800
0x000070000cc2fa10:   00000007c02d3828 0000000100000000
0x000070000cc2fa20:   00007ffeae60fb70 00007ffeae60fef0
0x000070000cc2fa30:   00007ffeae60ff00 00007ffeae6102d8
0x000070000cc2fa40:   00000000000003d8 000070000cc2fb34
0x000070000cc2fa50:   000070000cc2fb30 000070000cc2fb28
0x000070000cc2fa60:   00007ffeb6359080 0000000000000064
0x000070000cc2fa70:   000070000cc2fb30 00007ffeae6008c0
0x000070000cc2fa80:   0000000743685b58 00007ffeaf003800
0x000070000cc2fa90:   000070000cc2fb10 0000000101d12790
0x000070000cc2faa0:   00007ffeaf0039e0 00007ffeaf003800
0x000070000cc2fab0:   0000000000000000 0000000000000000
0x000070000cc2fac0:   0000000000000000 00007ffeaf003800 

Instructions: (pc=0x0000000101ed5a34)
0x0000000101ed5a14:   48 ff c1 48 39 c1 7c f1 eb 02 31 c0 c6 04 06 00
0x0000000101ed5a24:   48 89 f0 5d c3 90 55 48 89 e5 41 56 53 49 89 fe
0x0000000101ed5a34:   41 0f b7 1e 48 ff c3 31 f6 48 89 df e8 f9 e9 fa
0x0000000101ed5a44:   ff 4c 89 f7 48 89 c6 89 da 5b 41 5e 5d e9 9c ff 

Register to memory mapping:

RAX=0x0000000101bc8139: _ZN12ConstantPool16copy_cpool_bytesEiP13SymbolHashMapPh+0x1a7 in /Applications/Android Studio.app/Contents/jre/jdk/Contents/Home/jre/lib/server/libjvm.dylib at 0x00000001019fd000
RBX=0x0000000000000000 is an unknown value
RCX=0x0000000101bc81d0: _ZN12ConstantPool16copy_cpool_bytesEiP13SymbolHashMapPh+0x23e in /Applications/Android Studio.app/Contents/jre/jdk/Contents/Home/jre/lib/server/libjvm.dylib at 0x00000001019fd000
RDX=0x0000000000000003 is an unknown value
RSP=0x000070000cc2f8d0 is pointing into the stack for thread: 0x00007ffeaf003800
RBP=0x000070000cc2f8e0 is pointing into the stack for thread: 0x00007ffeaf003800
RSI=0x0000000000000000 is an unknown value
RDI=0x0000000000000000 is an unknown value
R8 =0x0000000000000000 is an unknown value
R9 =0x0000000000000031 is an unknown value
R10=0x000007ffeae57389 is an unknown value
R11=0x00007ffeae500000 is an unknown value
R12=0x000000011bdf4068 is pointing into metadata
R13=0x000000000000002f is an unknown value
R14=0x0000000000000000 is an unknown value
R15=0x00007ffeae57383b is an unknown value


Stack: [0x000070000cb30000,0x000070000cc30000],  sp=0x000070000cc2f8d0,  free space=1022k
Native frames: (J=compiled Java code, j=interpreted, Vv=VM code, C=native code)
V  [libjvm.dylib+0x4d8a34]  Symbol::as_C_string() const+0xa
V  [libjvm.dylib+0x1cbd59]  SymbolHashMap::find_entry(Symbol*)+0x15
V  [libjvm.dylib+0x1cb14d]  ConstantPool::copy_cpool_bytes(int, SymbolHashMap*, unsigned char*)+0x1bb
V  [libjvm.dylib+0x341059]  JvmtiConstantPoolReconstituter::copy_cpool_bytes(unsigned char*)+0x6d
V  [libjvm.dylib+0x340fb6]  JvmtiEnv::GetConstantPool(oopDesc*, int*, int*, unsigned char**)+0x1ca
V  [libjvm.dylib+0x315790]  jvmti_GetConstantPool(_jvmtiEnv*, _jclass*, int*, int*, unsigned char**)+0x14c
C  [libjdwp.dylib+0x5973]  getConstantPool+0xa5
C  [libjdwp.dylib+0xeaf3]  debugLoop_run+0x1df
C  [libjdwp.dylib+0x1f958]  attachThread+0x4b
V  [libjvm.dylib+0x351746]  JvmtiAgentThread::call_start_function()+0x38
V  [libjvm.dylib+0x505e88]  JavaThread::thread_main_inner()+0x82
V  [libjvm.dylib+0x505d4d]  JavaThread::run()+0x199
V  [libjvm.dylib+0x435709]  java_start(Thread*)+0xfa
C  [libsystem_pthread.dylib+0x3661]  _pthread_body+0x154
C  [libsystem_pthread.dylib+0x350d]  _pthread_body+0x0
C  [libsystem_pthread.dylib+0x2bf9]  thread_start+0xd
C  0x0000000000000000


---------------  P R O C E S S  ---------------

Java Threads: ( => current thread )
  0x00007ffeb80ee800 JavaThread "Java2D Disposer" daemon [_thread_blocked, id=85367, stack(0x000070000d5d4000,0x000070000d6d4000)]
  0x00007ffeafb9a000 JavaThread "AWT-AppKit" daemon [_thread_in_native, id=775, stack(0x00007ffeeda37000,0x00007ffeee237000)]
  0x00007ffeaf108000 JavaThread "Service Thread" daemon [_thread_blocked, id=17155, stack(0x000070000d142000,0x000070000d242000)]
  0x00007ffeb0000000 JavaThread "C1 CompilerThread2" daemon [_thread_blocked, id=15363, stack(0x000070000d03f000,0x000070000d13f000)]
  0x00007ffeaf10e000 JavaThread "C2 CompilerThread1" daemon [_thread_blocked, id=17923, stack(0x000070000cf3c000,0x000070000d03c000)]
  0x00007ffeae8a4000 JavaThread "C2 CompilerThread0" daemon [_thread_blocked, id=18179, stack(0x000070000ce39000,0x000070000cf39000)]
  0x00007ffeae81d000 JavaThread "JDWP Command Reader" daemon [_thread_in_native, id=14595, stack(0x000070000cd36000,0x000070000ce36000)]
  0x00007ffeaf004800 JavaThread "JDWP Event Helper Thread" daemon [_thread_blocked, id=14083, stack(0x000070000cc33000,0x000070000cd33000)]
=>0x00007ffeaf003800 JavaThread "JDWP Transport Listener: dt_socket" daemon [_thread_in_vm, id=18439, stack(0x000070000cb30000,0x000070000cc30000)]
  0x00007ffeae840800 JavaThread "Signal Dispatcher" daemon [_thread_blocked, id=18955, stack(0x000070000ca2d000,0x000070000cb2d000)]
  0x00007ffeae80c000 JavaThread "Finalizer" daemon [_thread_blocked, id=11523, stack(0x000070000c8a7000,0x000070000c9a7000)]
  0x00007ffeaf80a800 JavaThread "Reference Handler" daemon [_thread_blocked, id=20483, stack(0x000070000c7a4000,0x000070000c8a4000)]
  0x00007ffeae80d000 JavaThread "main" [_thread_blocked, id=9987, stack(0x000070000c192000,0x000070000c292000)]

Other Threads:
  0x00007ffeaf02c000 VMThread [stack: 0x000070000c6a1000,0x000070000c7a1000] [id=20995]
  0x00007ffeb0004000 WatcherThread [stack: 0x000070000d245000,0x000070000d345000] [id=16643]

VM state:not at safepoint (normal execution)

VM Mutex/Monitor currently owned by a thread: None

Heap:
 PSYoungGen      total 502272K, used 75098K [0x0000000795580000, 0x00000007b7700000, 0x00000007c0000000)
  eden space 468480K, 12% used [0x0000000795580000,0x0000000798eae858,0x00000007b1f00000)
  from space 33792K, 48% used [0x00000007b3f80000,0x00000007b4fa8370,0x00000007b6080000)
  to   space 33280K, 0% used [0x00000007b1f00000,0x00000007b1f00000,0x00000007b3f80000)
 ParOldGen       total 140288K, used 63397K [0x0000000740000000, 0x0000000748900000, 0x0000000795580000)
  object space 140288K, 45% used [0x0000000740000000,0x0000000743de9468,0x0000000748900000)
 Metaspace       used 46473K, capacity 52738K, committed 52992K, reserved 1095680K
  class space    used 5495K, capacity 7333K, committed 7424K, reserved 1048576K

Card table byte_map: [0x00000001031c0000,0x00000001035c1000] byte_map_base: 0x00000000ff7c0000

Marking Bits: (ParMarkBitMap*) 0x00000001021f51c8
 Begin Bits: [0x000000010386c000, 0x000000010586c000)
 End Bits:   [0x000000010586c000, 0x000000010786c000)

Polling page: 0x00000001024a5000

CodeCache: size=245760Kb used=13505Kb max_used=13729Kb free=232254Kb
 bounds [0x000000010b437000, 0x000000010c1b7000, 0x000000011a437000]
 total_blobs=5670 nmethods=4573 adapters=1018
 compilation: enabled

Compilation events (10 events):
Event: 70.431 Thread 0x00007ffeb0000000 nmethod 5157 0x000000010b8531d0 code [0x000000010b8533a0, 0x000000010b853af8]
Event: 70.432 Thread 0x00007ffeae8a4000 nmethod 5159 0x000000010b845990 code [0x000000010b845ae0, 0x000000010b845b78]
Event: 70.432 Thread 0x00007ffeb0000000 5161       3       java.lang.Long::getChars (221 bytes)
Event: 70.433 Thread 0x00007ffeb0000000 nmethod 5161 0x000000010b8e66d0 code [0x000000010b8e68a0, 0x000000010b8e6f10]
Event: 70.433 Thread 0x00007ffeb0000000 5160       3       java.lang.Long::stringSize (38 bytes)
Event: 70.433 Thread 0x00007ffeb0000000 nmethod 5160 0x000000010b6ac610 code [0x000000010b6ac780, 0x000000010b6ac9d0]
Event: 70.434 Thread 0x00007ffeb0000000 5158       3       com.google.common.collect.HashBiMap$Itr::hasNext (35 bytes)
Event: 70.434 Thread 0x00007ffeb0000000 nmethod 5158 0x000000010b7c52d0 code [0x000000010b7c5460, 0x000000010b7c5748]
Event: 70.434 Thread 0x00007ffeb0000000 5156       3       java.util.regex.Pattern$GroupTail::match (111 bytes)
Event: 70.435 Thread 0x00007ffeb0000000 nmethod 5156 0x000000010b7aeb50 code [0x000000010b7aece0, 0x000000010b7af0c8]

GC Heap History (10 events):
Event: 10.293 GC heap before
{Heap before GC invocations=10 (full 1):
 PSYoungGen      total 286720K, used 21536K [0x0000000795580000, 0x00000007b2580000, 0x00000007c0000000)
  eden space 251904K, 0% used [0x0000000795580000,0x0000000795580000,0x00000007a4b80000)
  from space 34816K, 61% used [0x00000007a4b80000,0x00000007a60882c0,0x00000007a6d80000)
  to   space 35840K, 0% used [0x00000007b0280000,0x00000007b0280000,0x00000007b2580000)
 ParOldGen       total 87552K, used 39108K [0x0000000740000000, 0x0000000745580000, 0x0000000795580000)
  object space 87552K, 44% used [0x0000000740000000,0x00000007426313e0,0x0000000745580000)
 Metaspace       used 20083K, capacity 21172K, committed 21296K, reserved 1069056K
  class space    used 2070K, capacity 2425K, committed 2432K, reserved 1048576K
Event: 10.524 GC heap after
Heap after GC invocations=10 (full 1):
 PSYoungGen      total 286720K, used 0K [0x0000000795580000, 0x00000007b2580000, 0x00000007c0000000)
  eden space 251904K, 0% used [0x0000000795580000,0x0000000795580000,0x00000007a4b80000)
  from space 34816K, 0% used [0x00000007a4b80000,0x00000007a4b80000,0x00000007a6d80000)
  to   space 35840K, 0% used [0x00000007b0280000,0x00000007b0280000,0x00000007b2580000)
 ParOldGen       total 110080K, used 53327K [0x0000000740000000, 0x0000000746b80000, 0x0000000795580000)
  object space 110080K, 48% used [0x0000000740000000,0x0000000743413e18,0x0000000746b80000)
 Metaspace       used 20083K, capacity 21172K, committed 21296K, reserved 1069056K
  class space    used 2070K, capacity 2425K, committed 2432K, reserved 1048576K
}
Event: 13.225 GC heap before
{Heap before GC invocations=11 (full 1):
 PSYoungGen      total 286720K, used 251904K [0x0000000795580000, 0x00000007b2580000, 0x00000007c0000000)
  eden space 251904K, 100% used [0x0000000795580000,0x00000007a4b80000,0x00000007a4b80000)
  from space 34816K, 0% used [0x00000007a4b80000,0x00000007a4b80000,0x00000007a6d80000)
  to   space 35840K, 0% used [0x00000007b0280000,0x00000007b0280000,0x00000007b2580000)
 ParOldGen       total 110080K, used 53327K [0x0000000740000000, 0x0000000746b80000, 0x0000000795580000)
  object space 110080K, 48% used [0x0000000740000000,0x0000000743413e18,0x0000000746b80000)
 Metaspace       used 28260K, capacity 30158K, committed 30464K, reserved 1077248K
  class space    used 2850K, capacity 3457K, committed 3584K, reserved 1048576K
Event: 13.244 GC heap after
Heap after GC invocations=11 (full 1):
 PSYoungGen      total 356864K, used 9953K [0x0000000795580000, 0x00000007b0c80000, 0x00000007c0000000)
  eden space 346624K, 0% used [0x0000000795580000,0x0000000795580000,0x00000007aa800000)
  from space 10240K, 97% used [0x00000007b0280000,0x00000007b0c38430,0x00000007b0c80000)
  to   space 34304K, 0% used [0x00000007ac980000,0x00000007ac980000,0x00000007aeb00000)
 ParOldGen       total 110080K, used 53335K [0x0000000740000000, 0x0000000746b80000, 0x0000000795580000)
  object space 110080K, 48% used [0x0000000740000000,0x0000000743415e18,0x0000000746b80000)
 Metaspace       used 28260K, capacity 30158K, committed 30464K, reserved 1077248K
  class space    used 2850K, capacity 3457K, committed 3584K, reserved 1048576K
}
Event: 14.759 GC heap before
{Heap before GC invocations=12 (full 1):
 PSYoungGen      total 356864K, used 134305K [0x0000000795580000, 0x00000007b0c80000, 0x00000007c0000000)
  eden space 346624K, 35% used [0x0000000795580000,0x000000079cef0100,0x00000007aa800000)
  from space 10240K, 97% used [0x00000007b0280000,0x00000007b0c38430,0x00000007b0c80000)
  to   space 34304K, 0% used [0x00000007ac980000,0x00000007ac980000,0x00000007aeb00000)
 ParOldGen       total 110080K, used 53335K [0x0000000740000000, 0x0000000746b80000, 0x0000000795580000)
  object space 110080K, 48% used [0x0000000740000000,0x0000000743415e18,0x0000000746b80000)
 Metaspace       used 32775K, capacity 35414K, committed 35456K, reserved 1081344K
  class space    used 3379K, capacity 4207K, committed 4224K, reserved 1048576K
Event: 14.779 GC heap after
Heap after GC invocations=12 (full 1):
 PSYoungGen      total 415232K, used 5665K [0x0000000795580000, 0x00000007b6080000, 0x00000007c0000000)
  eden space 380928K, 0% used [0x0000000795580000,0x0000000795580000,0x00000007ac980000)
  from space 34304K, 16% used [0x00000007ac980000,0x00000007acf086f0,0x00000007aeb00000)
  to   space 33792K, 0% used [0x00000007b3f80000,0x00000007b3f80000,0x00000007b6080000)
 ParOldGen       total 110080K, used 58909K [0x0000000740000000, 0x0000000746b80000, 0x0000000795580000)
  object space 110080K, 53% used [0x0000000740000000,0x0000000743987410,0x0000000746b80000)
 Metaspace       used 32775K, capacity 35414K, committed 35456K, reserved 1081344K
  class space    used 3379K, capacity 4207K, committed 4224K, reserved 1048576K
}
Event: 14.779 GC heap before
{Heap before GC invocations=13 (full 2):
 PSYoungGen      total 415232K, used 5665K [0x0000000795580000, 0x00000007b6080000, 0x00000007c0000000)
  eden space 380928K, 0% used [0x0000000795580000,0x0000000795580000,0x00000007ac980000)
  from space 34304K, 16% used [0x00000007ac980000,0x00000007acf086f0,0x00000007aeb00000)
  to   space 33792K, 0% used [0x00000007b3f80000,0x00000007b3f80000,0x00000007b6080000)
 ParOldGen       total 110080K, used 58909K [0x0000000740000000, 0x0000000746b80000, 0x0000000795580000)
  object space 110080K, 53% used [0x0000000740000000,0x0000000743987410,0x0000000746b80000)
 Metaspace       used 32775K, capacity 35414K, committed 35456K, reserved 1081344K
  class space    used 3379K, capacity 4207K, committed 4224K, reserved 1048576K
Event: 14.911 GC heap after
Heap after GC invocations=13 (full 2):
 PSYoungGen      total 415232K, used 0K [0x0000000795580000, 0x00000007b6080000, 0x00000007c0000000)
  eden space 380928K, 0% used [0x0000000795580000,0x0000000795580000,0x00000007ac980000)
  from space 34304K, 0% used [0x00000007ac980000,0x00000007ac980000,0x00000007aeb00000)
  to   space 33792K, 0% used [0x00000007b3f80000,0x00000007b3f80000,0x00000007b6080000)
 ParOldGen       total 140288K, used 63389K [0x0000000740000000, 0x0000000748900000, 0x0000000795580000)
  object space 140288K, 45% used [0x0000000740000000,0x0000000743de7468,0x0000000748900000)
 Metaspace       used 32775K, capacity 35414K, committed 35456K, reserved 1081344K
  class space    used 3379K, capacity 4207K, committed 4224K, reserved 1048576K
}
Event: 20.427 GC heap before
{Heap before GC invocations=14 (full 2):
 PSYoungGen      total 415232K, used 380928K [0x0000000795580000, 0x00000007b6080000, 0x00000007c0000000)
  eden space 380928K, 100% used [0x0000000795580000,0x00000007ac980000,0x00000007ac980000)
  from space 34304K, 0% used [0x00000007ac980000,0x00000007ac980000,0x00000007aeb00000)
  to   space 33792K, 0% used [0x00000007b3f80000,0x00000007b3f80000,0x00000007b6080000)
 ParOldGen       total 140288K, used 63389K [0x0000000740000000, 0x0000000748900000, 0x0000000795580000)
  object space 140288K, 45% used [0x0000000740000000,0x0000000743de7468,0x0000000748900000)
 Metaspace       used 46202K, capacity 52316K, committed 52608K, reserved 1095680K
  class space    used 5443K, capacity 7240K, committed 7296K, reserved 1048576K
Event: 20.464 GC heap after
Heap after GC invocations=14 (full 2):
 PSYoungGen      total 502272K, used 16544K [0x0000000795580000, 0x00000007b7700000, 0x00000007c0000000)
  eden space 468480K, 0% used [0x0000000795580000,0x0000000795580000,0x00000007b1f00000)
  from space 33792K, 48% used [0x00000007b3f80000,0x00000007b4fa8370,0x00000007b6080000)
  to   space 33280K, 0% used [0x00000007b1f00000,0x00000007b1f00000,0x00000007b3f80000)
 ParOldGen       total 140288K, used 63397K [0x0000000740000000, 0x0000000748900000, 0x0000000795580000)
  object space 140288K, 45% used [0x0000000740000000,0x0000000743de9468,0x0000000748900000)
 Metaspace       used 46202K, capacity 52316K, committed 52608K, reserved 1095680K
  class space    used 5443K, capacity 7240K, committed 7296K, reserved 1048576K
}

Deoptimization events (10 events):
Event: 15.741 Thread 0x00007ffeae80d000 Uncommon trap: reason=bimorphic action=maybe_recompile pc=0x000000010bdafd48 method=java.util.regex.Pattern$Curly.match0(Ljava/util/regex/Matcher;IILjava/lang/CharSequence;)Z @ 170
Event: 15.741 Thread 0x00007ffeae80d000 Uncommon trap: reason=bimorphic action=maybe_recompile pc=0x000000010bdafd48 method=java.util.regex.Pattern$Curly.match0(Ljava/util/regex/Matcher;IILjava/lang/CharSequence;)Z @ 170
Event: 15.800 Thread 0x00007ffeae80d000 Uncommon trap: reason=unstable_if action=reinterpret pc=0x000000010b7c4b58 method=java.lang.ThreadLocal$ThreadLocalMap.getEntry(Ljava/lang/ThreadLocal;)Ljava/lang/ThreadLocal$ThreadLocalMap$Entry; @ 29
Event: 15.950 Thread 0x00007ffeae80d000 Uncommon trap: reason=unstable_if action=reinterpret pc=0x000000010bcff0f0 method=com.sun.org.apache.xerces.internal.impl.XMLDocumentFragmentScannerImpl.getString()Lcom/sun/org/apache/xerces/internal/xni/XMLString; @ 8
Event: 16.533 Thread 0x00007ffeae80d000 Uncommon trap: reason=unstable_if action=reinterpret pc=0x000000010b7aefe4 method=java.lang.StringCoding$StringDecoder.decode([BII)[C @ 20
Event: 16.888 Thread 0x00007ffeae80d000 Uncommon trap: reason=unstable_if action=reinterpret pc=0x000000010b64e084 method=java.util.HashMap.hash(Ljava/lang/Object;)I @ 1
Event: 18.032 Thread 0x00007ffeae80d000 Uncommon trap: reason=unstable_if action=reinterpret pc=0x000000010b7918f0 method=java.util.HashMap.hash(Ljava/lang/Object;)I @ 1
Event: 18.043 Thread 0x00007ffeae80d000 Uncommon trap: reason=unstable_if action=reinterpret pc=0x000000010b79abec method=java.util.HashMap.hash(Ljava/lang/Object;)I @ 1
Event: 18.570 Thread 0x00007ffeae80d000 Uncommon trap: reason=unstable_if action=reinterpret pc=0x000000010b7c5574 method=java.lang.ThreadLocal$ThreadLocalMap.getEntry(Ljava/lang/ThreadLocal;)Ljava/lang/ThreadLocal$ThreadLocalMap$Entry; @ 29
Event: 30.155 Thread 0x00007ffeae80d000 Uncommon trap: reason=null_check action=make_not_entrant pc=0x000000010bacbdbc method=sun.invoke.util.VerifyType.isNullConversion(Ljava/lang/Class;Ljava/lang/Class;Z)Z @ 67

Classes redefined (0 events):
No events

Internal exceptions (10 events):
Event: 16.850 Thread 0x00007ffeae80d000 Exception <a 'java/io/FileNotFoundException'> (0x000000079d3feab0) thrown at [/Volumes/android/AOSP-openjdk-git/jdk8u/hotspot/src/share/vm/prims/jni.cpp, line 709]
Event: 16.850 Thread 0x00007ffeae80d000 Exception <a 'java/io/FileNotFoundException'> (0x000000079d3ffb88) thrown at [/Volumes/android/AOSP-openjdk-git/jdk8u/hotspot/src/share/vm/prims/jni.cpp, line 709]
Event: 16.888 Thread 0x00007ffeae80d000 Implicit null exception at 0x000000010b64ddb4 to 0x000000010b64e06d
Event: 17.328 Thread 0x00007ffeae80d000 Exception <a 'java/io/FileNotFoundException'> (0x000000079f464bf0) thrown at [/Volumes/android/AOSP-openjdk-git/jdk8u/hotspot/src/share/vm/prims/jni.cpp, line 709]
Event: 18.032 Thread 0x00007ffeae80d000 Implicit null exception at 0x000000010b791858 to 0x000000010b7918e6
Event: 18.043 Thread 0x00007ffeae80d000 Implicit null exception at 0x000000010b79ab6f to 0x000000010b79abdd
Event: 18.714 Thread 0x00007ffeae80d000 Exception <a 'java/lang/NoSuchFieldError': method resolution failed> (0x00000007a5a593c8) thrown at [/Volumes/android/AOSP-openjdk-git/jdk8u/hotspot/src/share/vm/prims/methodHandles.cpp, line 1167]
Event: 18.746 Thread 0x00007ffeae80d000 Exception <a 'java/lang/NoSuchFieldError': method resolution failed> (0x00000007a5b62f78) thrown at [/Volumes/android/AOSP-openjdk-git/jdk8u/hotspot/src/share/vm/prims/methodHandles.cpp, line 1167]
Event: 19.033 Thread 0x00007ffeae80d000 Exception <a 'java/lang/NoSuchFieldError': method resolution failed> (0x00000007a69fb550) thrown at [/Volumes/android/AOSP-openjdk-git/jdk8u/hotspot/src/share/vm/prims/methodHandles.cpp, line 1167]
Event: 20.293 Thread 0x00007ffeae80d000 Exception <a 'java/lang/NoSuchFieldError': method resolution failed> (0x00000007ac5348a8) thrown at [/Volumes/android/AOSP-openjdk-git/jdk8u/hotspot/src/share/vm/prims/methodHandles.cpp, line 1167]

Events (10 events):
Event: 84.783 Executing VM operation: GetOrSetLocal
Event: 84.783 Executing VM operation: GetOrSetLocal done
Event: 84.783 Executing VM operation: GetOrSetLocal
Event: 84.783 Executing VM operation: GetOrSetLocal done
Event: 85.445 Executing VM operation: GetOrSetLocal
Event: 85.445 Executing VM operation: GetOrSetLocal done
Event: 85.445 Executing VM operation: GetOrSetLocal
Event: 85.446 Executing VM operation: GetOrSetLocal done
Event: 85.446 Executing VM operation: GetOrSetLocal
Event: 85.446 Executing VM operation: GetOrSetLocal done


Dynamic libraries:
0x000000002b1bf000 	/System/Library/Frameworks/Cocoa.framework/Versions/A/Cocoa
0x000000002b1bf000 	/System/Library/Frameworks/Security.framework/Versions/A/Security
0x000000002b1bf000 	/System/Library/Frameworks/ApplicationServices.framework/Versions/A/ApplicationServices
0x000000002b1bf000 	/usr/lib/libz.1.dylib
0x000000002b1bf000 	/usr/lib/libSystem.B.dylib
0x000000002b1bf000 	/System/Library/Frameworks/CoreFoundation.framework/Versions/A/CoreFoundation
0x000000002b1bf000 	/System/Library/Frameworks/Foundation.framework/Versions/C/Foundation
0x000000002b1bf000 	/usr/lib/libobjc.A.dylib
0x000000002b1bf000 	/System/Library/Frameworks/AppKit.framework/Versions/C/AppKit
0x000000002b1bf000 	/System/Library/Frameworks/CoreData.framework/Versions/A/CoreData
0x000000002b1bf000 	/System/Library/PrivateFrameworks/RemoteViewServices.framework/Versions/A/RemoteViewServices
0x000000002b1bf000 	/System/Library/PrivateFrameworks/UIFoundation.framework/Versions/A/UIFoundation
0x000000002b1bf000 	/System/Library/PrivateFrameworks/DFRFoundation.framework/Versions/A/DFRFoundation
0x000000002b1bf000 	/System/Library/Frameworks/Metal.framework/Versions/A/Metal
0x000000002b1bf000 	/System/Library/PrivateFrameworks/DesktopServicesPriv.framework/Versions/A/DesktopServicesPriv
0x000000002b1bf000 	/usr/lib/libenergytrace.dylib
0x000000002b1bf000 	/System/Library/PrivateFrameworks/SkyLight.framework/Versions/A/SkyLight
0x000000002b1bf000 	/System/Library/Frameworks/CoreGraphics.framework/Versions/A/CoreGraphics
0x000000002b1bf000 	/usr/lib/libScreenReader.dylib
0x000000002b1bf000 	/System/Library/Frameworks/Accelerate.framework/Versions/A/Accelerate
0x000000002b1bf000 	/System/Library/Frameworks/IOSurface.framework/Versions/A/IOSurface
0x000000002b1bf000 	/System/Library/Frameworks/AudioToolbox.framework/Versions/A/AudioToolbox
0x000000002b1bf000 	/System/Library/Frameworks/AudioUnit.framework/Versions/A/AudioUnit
0x000000002b1bf000 	/System/Library/PrivateFrameworks/DataDetectorsCore.framework/Versions/A/DataDetectorsCore
0x000000002b1bf000 	/System/Library/Frameworks/Carbon.framework/Versions/A/Frameworks/HIToolbox.framework/Versions/A/HIToolbox
0x000000002b1bf000 	/usr/lib/libicucore.A.dylib
0x000000002b1bf000 	/System/Library/Frameworks/QuartzCore.framework/Versions/A/QuartzCore
0x000000002b1bf000 	/System/Library/PrivateFrameworks/SignpostNotification.framework/Versions/A/SignpostNotification
0x000000002b1bf000 	/System/Library/Frameworks/Carbon.framework/Versions/A/Frameworks/SpeechRecognition.framework/Versions/A/SpeechRecognition
0x000000002b1bf000 	/usr/lib/libauto.dylib
0x000000002b1bf000 	/usr/lib/libxml2.2.dylib
0x000000002b1bf000 	/System/Library/PrivateFrameworks/CoreUI.framework/Versions/A/CoreUI
0x000000002b1bf000 	/System/Library/Frameworks/CoreAudio.framework/Versions/A/CoreAudio
0x000000002b1bf000 	/System/Library/Frameworks/DiskArbitration.framework/Versions/A/DiskArbitration
0x000000002b1bf000 	/usr/lib/liblangid.dylib
0x000000002b1bf000 	/System/Library/PrivateFrameworks/MultitouchSupport.framework/Versions/A/MultitouchSupport
0x000000002b1bf000 	/System/Library/Frameworks/IOKit.framework/Versions/A/IOKit
0x000000002b1bf000 	/usr/lib/libDiagnosticMessagesClient.dylib
0x000000002b1bf000 	/System/Library/Frameworks/CoreServices.framework/Versions/A/CoreServices
0x000000002b1bf000 	/System/Library/PrivateFrameworks/PerformanceAnalysis.framework/Versions/A/PerformanceAnalysis
0x000000002b1bf000 	/System/Library/Frameworks/OpenGL.framework/Versions/A/OpenGL
0x000000002b1bf000 	/System/Library/Frameworks/ColorSync.framework/Versions/A/ColorSync
0x000000002b1bf000 	/System/Library/Frameworks/CoreImage.framework/Versions/A/CoreImage
0x000000002b1bf000 	/System/Library/Frameworks/CoreText.framework/Versions/A/CoreText
0x000000002b1bf000 	/System/Library/Frameworks/ImageIO.framework/Versions/A/ImageIO
0x000000002b1bf000 	/System/Library/PrivateFrameworks/Backup.framework/Versions/A/Backup
0x000000002b1bf000 	/usr/lib/libarchive.2.dylib
0x000000002b1bf000 	/System/Library/Frameworks/CFNetwork.framework/Versions/A/CFNetwork
0x000000002b1bf000 	/System/Library/Frameworks/SystemConfiguration.framework/Versions/A/SystemConfiguration
0x000000002b1bf000 	/usr/lib/libCRFSuite.dylib
0x000000002b1bf000 	/usr/lib/libc++.1.dylib
0x000000002b1bf000 	/usr/lib/libc++abi.dylib
0x000000002b1bf000 	/usr/lib/system/libcache.dylib
0x000000002b1bf000 	/usr/lib/system/libcommonCrypto.dylib
0x000000002b1bf000 	/usr/lib/system/libcompiler_rt.dylib
0x000000002b1bf000 	/usr/lib/system/libcopyfile.dylib
0x000000002b1bf000 	/usr/lib/system/libcorecrypto.dylib
0x000000002b1bf000 	/usr/lib/system/libdispatch.dylib
0x000000002b1bf000 	/usr/lib/system/libdyld.dylib
0x000000002b1bf000 	/usr/lib/system/libkeymgr.dylib
0x000000002b1bf000 	/usr/lib/system/liblaunch.dylib
0x000000002b1bf000 	/usr/lib/system/libmacho.dylib
0x000000002b1bf000 	/usr/lib/system/libquarantine.dylib
0x000000002b1bf000 	/usr/lib/system/libremovefile.dylib
0x000000002b1bf000 	/usr/lib/system/libsystem_asl.dylib
0x000000002b1bf000 	/usr/lib/system/libsystem_blocks.dylib
0x000000002b1bf000 	/usr/lib/system/libsystem_c.dylib
0x000000002b1bf000 	/usr/lib/system/libsystem_configuration.dylib
0x000000002b1bf000 	/usr/lib/system/libsystem_coreservices.dylib
0x000000002b1bf000 	/usr/lib/system/libsystem_darwin.dylib
0x000000002b1bf000 	/usr/lib/system/libsystem_dnssd.dylib
0x000000002b1bf000 	/usr/lib/system/libsystem_info.dylib
0x000000002b1bf000 	/usr/lib/system/libsystem_m.dylib
0x000000002b1bf000 	/usr/lib/system/libsystem_malloc.dylib
0x000000002b1bf000 	/usr/lib/system/libsystem_network.dylib
0x000000002b1bf000 	/usr/lib/system/libsystem_networkextension.dylib
0x000000002b1bf000 	/usr/lib/system/libsystem_notify.dylib
0x000000002b1bf000 	/usr/lib/system/libsystem_sandbox.dylib
0x000000002b1bf000 	/usr/lib/system/libsystem_secinit.dylib
0x000000002b1bf000 	/usr/lib/system/libsystem_kernel.dylib
0x000000002b1bf000 	/usr/lib/system/libsystem_platform.dylib
0x000000002b1bf000 	/usr/lib/system/libsystem_pthread.dylib
0x000000002b1bf000 	/usr/lib/system/libsystem_symptoms.dylib
0x000000002b1bf000 	/usr/lib/system/libsystem_trace.dylib
0x000000002b1bf000 	/usr/lib/system/libunwind.dylib
0x000000002b1bf000 	/usr/lib/system/libxpc.dylib
0x000000002b1bf000 	/usr/lib/closure/libclosured.dylib
0x000000002b1bf000 	/usr/lib/libbsm.0.dylib
0x000000002b1bf000 	/usr/lib/system/libkxld.dylib
0x000000002b1bf000 	/usr/lib/libOpenScriptingUtil.dylib
0x000000002b1bf000 	/usr/lib/libcoretls.dylib
0x000000002b1bf000 	/usr/lib/libcoretls_cfhelpers.dylib
0x000000002b1bf000 	/usr/lib/libpam.2.dylib
0x000000002b1bf000 	/usr/lib/libsqlite3.dylib
0x000000002b1bf000 	/usr/lib/libxar.1.dylib
0x000000002b1bf000 	/usr/lib/libbz2.1.0.dylib
0x000000002b1bf000 	/usr/lib/liblzma.5.dylib
0x000000002b1bf000 	/usr/lib/libnetwork.dylib
0x000000002b1bf000 	/usr/lib/libapple_nghttp2.dylib
0x000000002b1bf000 	/usr/lib/libpcap.A.dylib
0x000000002b1bf000 	/usr/lib/libboringssl.dylib
0x000000002b1bf000 	/usr/lib/libusrtcp.dylib
0x000000002b1bf000 	/usr/lib/libapple_crypto.dylib
0x000000002b1bf000 	/System/Library/Frameworks/CoreServices.framework/Versions/A/Frameworks/FSEvents.framework/Versions/A/FSEvents
0x000000002b1bf000 	/System/Library/Frameworks/CoreServices.framework/Versions/A/Frameworks/CarbonCore.framework/Versions/A/CarbonCore
0x000000002b1bf000 	/System/Library/Frameworks/CoreServices.framework/Versions/A/Frameworks/Metadata.framework/Versions/A/Metadata
0x000000002b1bf000 	/System/Library/Frameworks/CoreServices.framework/Versions/A/Frameworks/OSServices.framework/Versions/A/OSServices
0x000000002b1bf000 	/System/Library/Frameworks/CoreServices.framework/Versions/A/Frameworks/SearchKit.framework/Versions/A/SearchKit
0x000000002b1bf000 	/System/Library/Frameworks/CoreServices.framework/Versions/A/Frameworks/AE.framework/Versions/A/AE
0x000000002b1bf000 	/System/Library/Frameworks/CoreServices.framework/Versions/A/Frameworks/LaunchServices.framework/Versions/A/LaunchServices
0x000000002b1bf000 	/System/Library/Frameworks/CoreServices.framework/Versions/A/Frameworks/DictionaryServices.framework/Versions/A/DictionaryServices
0x000000002b1bf000 	/System/Library/Frameworks/CoreServices.framework/Versions/A/Frameworks/SharedFileList.framework/Versions/A/SharedFileList
0x000000002b1bf000 	/System/Library/Frameworks/NetFS.framework/Versions/A/NetFS
0x000000002b1bf000 	/System/Library/PrivateFrameworks/NetAuth.framework/Versions/A/NetAuth
0x000000002b1bf000 	/System/Library/PrivateFrameworks/login.framework/Versions/A/Frameworks/loginsupport.framework/Versions/A/loginsupport
0x000000002b1bf000 	/System/Library/PrivateFrameworks/TCC.framework/Versions/A/TCC
0x000000002b1bf000 	/usr/lib/libmecabra.dylib
0x000000002b1bf000 	/System/Library/Frameworks/ApplicationServices.framework/Versions/A/Frameworks/ATS.framework/Versions/A/ATS
0x000000002b1bf000 	/System/Library/Frameworks/ApplicationServices.framework/Versions/A/Frameworks/ColorSyncLegacy.framework/Versions/A/ColorSyncLegacy
0x000000002b1bf000 	/System/Library/Frameworks/ApplicationServices.framework/Versions/A/Frameworks/HIServices.framework/Versions/A/HIServices
0x000000002b1bf000 	/System/Library/Frameworks/ApplicationServices.framework/Versions/A/Frameworks/LangAnalysis.framework/Versions/A/LangAnalysis
0x000000002b1bf000 	/System/Library/Frameworks/ApplicationServices.framework/Versions/A/Frameworks/PrintCore.framework/Versions/A/PrintCore
0x000000002b1bf000 	/System/Library/Frameworks/ApplicationServices.framework/Versions/A/Frameworks/QD.framework/Versions/A/QD
0x000000002b1bf000 	/System/Library/Frameworks/ApplicationServices.framework/Versions/A/Frameworks/SpeechSynthesis.framework/Versions/A/SpeechSynthesis
0x000000002b1bf000 	/System/Library/Frameworks/CoreDisplay.framework/Versions/A/CoreDisplay
0x000000002b1bf000 	/System/Library/Frameworks/Accelerate.framework/Versions/A/Frameworks/vImage.framework/Versions/A/vImage
0x000000002b1bf000 	/System/Library/Frameworks/Accelerate.framework/Versions/A/Frameworks/vecLib.framework/Versions/A/vecLib
0x000000002b1bf000 	/System/Library/Frameworks/Accelerate.framework/Versions/A/Frameworks/vecLib.framework/Versions/A/libvDSP.dylib
0x000000002b1bf000 	/System/Library/Frameworks/Accelerate.framework/Versions/A/Frameworks/vecLib.framework/Versions/A/libBNNS.dylib
0x000000002b1bf000 	/System/Library/Frameworks/Accelerate.framework/Versions/A/Frameworks/vecLib.framework/Versions/A/libQuadrature.dylib
0x000000002b1bf000 	/System/Library/Frameworks/Accelerate.framework/Versions/A/Frameworks/vecLib.framework/Versions/A/libvMisc.dylib
0x000000002b1bf000 	/System/Library/Frameworks/Accelerate.framework/Versions/A/Frameworks/vecLib.framework/Versions/A/libLAPACK.dylib
0x000000002b1bf000 	/System/Library/Frameworks/Accelerate.framework/Versions/A/Frameworks/vecLib.framework/Versions/A/libBLAS.dylib
0x000000002b1bf000 	/System/Library/Frameworks/Accelerate.framework/Versions/A/Frameworks/vecLib.framework/Versions/A/libLinearAlgebra.dylib
0x000000002b1bf000 	/System/Library/Frameworks/Accelerate.framework/Versions/A/Frameworks/vecLib.framework/Versions/A/libSparse.dylib
0x000000002b1bf000 	/System/Library/Frameworks/Accelerate.framework/Versions/A/Frameworks/vecLib.framework/Versions/A/libSparseBLAS.dylib
0x000000002b1bf000 	/System/Library/PrivateFrameworks/GPUWrangler.framework/Versions/A/GPUWrangler
0x000000002b1bf000 	/System/Library/PrivateFrameworks/IOAccelerator.framework/Versions/A/IOAccelerator
0x000000002b1bf000 	/System/Library/PrivateFrameworks/IOPresentment.framework/Versions/A/IOPresentment
0x000000002b1bf000 	/System/Library/PrivateFrameworks/DSExternalDisplay.framework/Versions/A/DSExternalDisplay
0x000000002b1bf000 	/System/Library/Frameworks/OpenGL.framework/Versions/A/Libraries/libCoreFSCache.dylib
0x000000002b1bf000 	/System/Library/Frameworks/CoreVideo.framework/Versions/A/CoreVideo
0x000000002b1bf000 	/System/Library/PrivateFrameworks/GraphVisualizer.framework/Versions/A/GraphVisualizer
0x000000002b1bf000 	/System/Library/Frameworks/MetalPerformanceShaders.framework/Versions/A/MetalPerformanceShaders
0x000000002b1bf000 	/usr/lib/libFosl_dynamic.dylib
0x000000002b1bf000 	/System/Library/PrivateFrameworks/FaceCore.framework/Versions/A/FaceCore
0x000000002b1bf000 	/System/Library/Frameworks/OpenCL.framework/Versions/A/OpenCL
0x000000002b1bf000 	/usr/lib/libcompression.dylib
0x000000002b1bf000 	/System/Library/Frameworks/ApplicationServices.framework/Versions/A/Frameworks/ATS.framework/Versions/A/Resources/libFontParser.dylib
0x000000002b1bf000 	/System/Library/Frameworks/ApplicationServices.framework/Versions/A/Frameworks/ATS.framework/Versions/A/Resources/libFontRegistry.dylib
0x000000002b1bf000 	/System/Library/Frameworks/ImageIO.framework/Versions/A/Resources/libJPEG.dylib
0x000000002b1bf000 	/System/Library/Frameworks/ImageIO.framework/Versions/A/Resources/libTIFF.dylib
0x000000002b1bf000 	/System/Library/Frameworks/ImageIO.framework/Versions/A/Resources/libPng.dylib
0x000000002b1bf000 	/System/Library/Frameworks/ImageIO.framework/Versions/A/Resources/libGIF.dylib
0x000000002b1bf000 	/System/Library/Frameworks/ImageIO.framework/Versions/A/Resources/libJP2.dylib
0x000000002b1bf000 	/System/Library/Frameworks/ImageIO.framework/Versions/A/Resources/libRadiance.dylib
0x000000002b1bf000 	/System/Library/PrivateFrameworks/AppleJPEG.framework/Versions/A/AppleJPEG
0x000000002b1bf000 	/System/Library/Frameworks/MetalPerformanceShaders.framework/Frameworks/MPSCore.framework/Versions/A/MPSCore
0x000000002b1bf000 	/System/Library/Frameworks/MetalPerformanceShaders.framework/Frameworks/MPSImage.framework/Versions/A/MPSImage
0x000000002b1bf000 	/System/Library/Frameworks/MetalPerformanceShaders.framework/Frameworks/MPSNeuralNetwork.framework/Versions/A/MPSNeuralNetwork
0x000000002b1bf000 	/System/Library/Frameworks/MetalPerformanceShaders.framework/Frameworks/MPSMatrix.framework/Versions/A/MPSMatrix
0x000000002b1bf000 	/System/Library/PrivateFrameworks/MetalTools.framework/Versions/A/MetalTools
0x000000002b1bf000 	/System/Library/Frameworks/OpenGL.framework/Versions/A/Libraries/libGLU.dylib
0x000000002b1bf000 	/System/Library/Frameworks/OpenGL.framework/Versions/A/Libraries/libGFXShared.dylib
0x000000002b1bf000 	/System/Library/Frameworks/OpenGL.framework/Versions/A/Libraries/libGL.dylib
0x000000002b1bf000 	/System/Library/Frameworks/OpenGL.framework/Versions/A/Libraries/libGLImage.dylib
0x000000002b1bf000 	/System/Library/Frameworks/OpenGL.framework/Versions/A/Libraries/libCVMSPluginSupport.dylib
0x000000002b1bf000 	/System/Library/Frameworks/OpenGL.framework/Versions/A/Libraries/libCoreVMClient.dylib
0x000000002b1bf000 	/usr/lib/libcups.2.dylib
0x000000002b1bf000 	/System/Library/Frameworks/Kerberos.framework/Versions/A/Kerberos
0x000000002b1bf000 	/System/Library/Frameworks/GSS.framework/Versions/A/GSS
0x000000002b1bf000 	/usr/lib/libresolv.9.dylib
0x000000002b1bf000 	/usr/lib/libiconv.2.dylib
0x000000002b1bf000 	/System/Library/PrivateFrameworks/Heimdal.framework/Versions/A/Heimdal
0x000000002b1bf000 	/usr/lib/libheimdal-asn1.dylib
0x000000002b1bf000 	/System/Library/Frameworks/OpenDirectory.framework/Versions/A/OpenDirectory
0x000000002b1bf000 	/System/Library/PrivateFrameworks/CommonAuth.framework/Versions/A/CommonAuth
0x000000002b1bf000 	/System/Library/Frameworks/OpenDirectory.framework/Versions/A/Frameworks/CFOpenDirectory.framework/Versions/A/CFOpenDirectory
0x000000002b1bf000 	/System/Library/Frameworks/SecurityFoundation.framework/Versions/A/SecurityFoundation
0x000000002b1bf000 	/System/Library/PrivateFrameworks/APFS.framework/Versions/A/APFS
0x000000002b1bf000 	/usr/lib/libutil.dylib
0x000000002b1bf000 	/System/Library/PrivateFrameworks/AppleSauce.framework/Versions/A/AppleSauce
0x000000002b1bf000 	/System/Library/PrivateFrameworks/LinguisticData.framework/Versions/A/LinguisticData
0x000000002b1bf000 	/usr/lib/libmarisa.dylib
0x000000002b1bf000 	/System/Library/PrivateFrameworks/Lexicon.framework/Versions/A/Lexicon
0x000000002b1bf000 	/usr/lib/libChineseTokenizer.dylib
0x000000002b1bf000 	/usr/lib/libcmph.dylib
0x000000002b1bf000 	/System/Library/PrivateFrameworks/LanguageModeling.framework/Versions/A/LanguageModeling
0x000000002b1bf000 	/System/Library/PrivateFrameworks/CoreEmoji.framework/Versions/A/CoreEmoji
0x000000002b1bf000 	/System/Library/Frameworks/ServiceManagement.framework/Versions/A/ServiceManagement
0x000000002b1bf000 	/System/Library/PrivateFrameworks/BackgroundTaskManagement.framework/Versions/A/BackgroundTaskManagement
0x000000002b1bf000 	/usr/lib/libxslt.1.dylib
0x000000002b1bf000 	/System/Library/Frameworks/Carbon.framework/Versions/A/Frameworks/Ink.framework/Versions/A/Ink
0x000000002b1bf000 	/System/Library/PrivateFrameworks/TextureIO.framework/Versions/A/TextureIO
0x000000002b1bf000 	/usr/lib/libate.dylib
0x000000002b1bf000 	/System/Library/PrivateFrameworks/CrashReporterSupport.framework/Versions/A/CrashReporterSupport
0x000000002b1bf000 	/System/Library/PrivateFrameworks/Sharing.framework/Versions/A/Sharing
0x000000002b1bf000 	/System/Library/PrivateFrameworks/IconServices.framework/Versions/A/IconServices
0x000000002b1bf000 	/System/Library/PrivateFrameworks/Apple80211.framework/Versions/A/Apple80211
0x000000002b1bf000 	/System/Library/PrivateFrameworks/CoreUtils.framework/Versions/A/CoreUtils
0x000000002b1bf000 	/System/Library/Frameworks/CoreWLAN.framework/Versions/A/CoreWLAN
0x000000002b1bf000 	/System/Library/Frameworks/IOBluetooth.framework/Versions/A/IOBluetooth
0x000000002b1bf000 	/System/Library/PrivateFrameworks/ProtocolBuffer.framework/Versions/A/ProtocolBuffer
0x000000002b1bf000 	/System/Library/PrivateFrameworks/CoreWiFi.framework/Versions/A/CoreWiFi
0x000000002b1bf000 	/System/Library/Frameworks/CoreBluetooth.framework/Versions/A/CoreBluetooth
0x000000002b1bf000 	/System/Library/PrivateFrameworks/DebugSymbols.framework/Versions/A/DebugSymbols
0x000000002b1bf000 	/System/Library/PrivateFrameworks/CoreSymbolication.framework/Versions/A/CoreSymbolication
0x000000002b1bf000 	/System/Library/PrivateFrameworks/Symbolication.framework/Versions/A/Symbolication
0x000000002b1bf000 	/System/Library/PrivateFrameworks/AppleFSCompression.framework/Versions/A/AppleFSCompression
0x000000002b1bf000 	/System/Library/PrivateFrameworks/SpeechRecognitionCore.framework/Versions/A/SpeechRecognitionCore
0x00000001019fd000 	/Applications/Android Studio.app/Contents/jre/jdk/Contents/Home/jre/lib/server/libjvm.dylib
0x000000002b1bf000 	/usr/lib/libstdc++.6.0.9.dylib
0x0000000102465000 	/Applications/Android Studio.app/Contents/jre/jdk/Contents/Home/jre/lib/libverify.dylib
0x0000000102471000 	/Applications/Android Studio.app/Contents/jre/jdk/Contents/Home/jre/lib/libjava.dylib
0x00000001024a6000 	/Applications/Android Studio.app/Contents/jre/jdk/Contents/Home/jre/lib/libjdwp.dylib
0x00000001024e3000 	/Applications/Android Studio.app/Contents/jre/jdk/Contents/Home/jre/lib/libnpt.dylib
0x00000001024e7000 	/Applications/Android Studio.app/Contents/jre/jdk/Contents/Home/jre/lib/libinstrument.dylib
0x0000000102580000 	/Applications/Android Studio.app/Contents/jre/jdk/Contents/Home/jre/lib/libzip.dylib
0x00000001025f9000 	/Applications/Android Studio.app/Contents/jre/jdk/Contents/Home/jre/lib/libdt_socket.dylib
0x000000011a459000 	/Applications/Android Studio.app/Contents/jre/jdk/Contents/Home/jre/lib/libnio.dylib
0x000000011a469000 	/Applications/Android Studio.app/Contents/jre/jdk/Contents/Home/jre/lib/./libnet.dylib
0x000000011a480000 	/Applications/Android Studio.app/Contents/jre/jdk/Contents/Home/jre/lib/libsunec.dylib
0x000000011a6e4000 	/Applications/Android Studio.app/Contents/jre/jdk/Contents/Home/jre/lib/libawt.dylib
0x000000011ae24000 	/Applications/Android Studio.app/Contents/jre/jdk/Contents/Home/jre/lib/./libmlib_image.dylib
0x000000002b1bf000 	/System/Library/Frameworks/JavaVM.framework/Versions/A/Frameworks/JavaNativeFoundation.framework/Versions/A/JavaNativeFoundation
0x000000002b1bf000 	/System/Library/Frameworks/JavaVM.framework/Versions/A/Frameworks/JavaRuntimeSupport.framework/Versions/A/JavaRuntimeSupport
0x000000002b1bf000 	/System/Library/Frameworks/JavaVM.framework/Versions/A/JavaVM
0x000000002b1bf000 	/System/Library/PrivateFrameworks/JavaLaunching.framework/Versions/A/JavaLaunching
0x000000002b1bf000 	/System/Library/Frameworks/Carbon.framework/Versions/A/Carbon
0x000000002b1bf000 	/System/Library/Frameworks/Carbon.framework/Versions/A/Frameworks/CommonPanels.framework/Versions/A/CommonPanels
0x000000002b1bf000 	/System/Library/Frameworks/Carbon.framework/Versions/A/Frameworks/Help.framework/Versions/A/Help
0x000000002b1bf000 	/System/Library/Frameworks/Carbon.framework/Versions/A/Frameworks/ImageCapture.framework/Versions/A/ImageCapture
0x000000002b1bf000 	/System/Library/Frameworks/Carbon.framework/Versions/A/Frameworks/OpenScripting.framework/Versions/A/OpenScripting
0x000000002b1bf000 	/System/Library/Frameworks/Carbon.framework/Versions/A/Frameworks/Print.framework/Versions/A/Print
0x000000002b1bf000 	/System/Library/Frameworks/Carbon.framework/Versions/A/Frameworks/SecurityHI.framework/Versions/A/SecurityHI
0x000000011b7da000 	/Applications/Android Studio.app/Contents/jre/jdk/Contents/Home/jre/lib/libawt_lwawt.dylib
0x000000011a7c4000 	/Applications/Android Studio.app/Contents/jre/jdk/Contents/Home/jre/lib/./libosxapp.dylib
0x000000002b1bf000 	/System/Library/Frameworks/ExceptionHandling.framework/Versions/A/ExceptionHandling
0x000000002b1bf000 	/System/Library/PrivateFrameworks/CoreServicesInternal.framework/Versions/A/CoreServicesInternal
0x000000002b1bf000 	/System/Library/CoreServices/RawCamera.bundle/Contents/MacOS/RawCamera
0x000000002b1bf000 	/System/Library/PrivateFrameworks/MobileAsset.framework/Versions/A/MobileAsset
0x000000002b1bf000 	/System/Library/PrivateFrameworks/StreamingZip.framework/Versions/A/StreamingZip
0x000000002b1bf000 	/System/Library/Frameworks/MediaToolbox.framework/Versions/A/MediaToolbox
0x000000002b1bf000 	/System/Library/PrivateFrameworks/CoreAVCHD.framework/Versions/A/CoreAVCHD
0x000000002b1bf000 	/System/Library/Frameworks/MediaAccessibility.framework/Versions/A/MediaAccessibility
0x000000002b1bf000 	/System/Library/PrivateFrameworks/Mangrove.framework/Versions/A/Mangrove
0x000000002b1bf000 	/System/Library/Frameworks/CoreMedia.framework/Versions/A/CoreMedia
0x000000002b1bf000 	/System/Library/Frameworks/VideoToolbox.framework/Versions/A/VideoToolbox
0x000000002b1bf000 	/System/Library/PrivateFrameworks/CoreAUC.framework/Versions/A/CoreAUC
0x000000002b1bf000 	/usr/lib/libspindump.dylib
0x000000002b1bf000 	/System/Library/PrivateFrameworks/AppleVA.framework/Versions/A/AppleVA
0x000000002b1bf000 	/System/Library/Frameworks/Accelerate.framework/Versions/A/Frameworks/vImage.framework/Versions/A/Libraries/libCGInterfaces.dylib
0x000000002b1bf000 	/System/Library/Frameworks/ApplicationServices.framework/Versions/A/Frameworks/ATS.framework/Versions/A/Resources/libTrueTypeScaler.dylib
0x000000002b1bf000 	/System/Library/Extensions/AppleIntelHD4000GraphicsMTLDriver.bundle/Contents/MacOS/AppleIntelHD4000GraphicsMTLDriver
0x000000002b1bf000 	/System/Library/PrivateFrameworks/GPUCompiler.framework/Versions/3802/Libraries/libmetal_timestamp.dylib
0x000000002b1bf000 	/System/Library/PrivateFrameworks/ViewBridge.framework/Versions/A/ViewBridge

VM Arguments:
jvm_args: -agentlib:jdwp=transport=dt_socket,address=127.0.0.1:61366,suspend=y,server=n -ea -Didea.test.cyclic.buffer.size=1048576 -javaagent:/Users/ffranca/Library/Caches/AndroidStudio3.1/groovyHotSwap/gragent.jar -javaagent:/Users/ffranca/Library/Caches/AndroidStudio3.1/captureAgent/debugger-agent.jar=/private/var/folders/mw/zt56g2qx4gsd6sxfhp34mz18llz8ms/T/capture.props -Dfile.encoding=UTF-8 
java_command: com.intellij.rt.execution.junit.JUnitStarter -ideVersion5 com.ciandt.androidxtestlab.MainActivityUnitTest,helloWorld_shouldBeVisible
java_class_path (initial): /Applications/Android Studio.app/Contents/lib/idea_rt.jar:/Applications/Android Studio.app/Contents/plugins/junit/lib/junit-rt.jar:/Applications/Android Studio.app/Contents/plugins/junit/lib/junit5-rt.jar:/Users/ffranca/Library/Android/sdk/platforms/android-27/data/res:/Users/ffranca/projects/rede/AndroidXTestLab/app/build/intermediates/javac/debug/compileDebugJavaWithJavac/classes:/Users/ffranca/.gradle/caches/modules-2/files-2.1/backport-util-concurrent/backport-util-concurrent/3.1/682f7ac17fed79e92f8e87d8455192b63376347b/backport-util-concurrent-3.1.jar:/Users/ffranca/.gradle/caches/modules-2/files-2.1/android.arch.lifecycle/common/1.1.0/edf3f7bfb84a7521d0599efa3b0113a0ee90f85/common-1.1.0.jar:/Users/ffranca/.gradle/caches/modules-2/files-2.1/org.apache.maven/maven-error-diagnostics/2.2.1/e81bb342d7d172f23d108dc8fa979a1facdcde8e/maven-error-diagnostics-2.2.1.jar:/Users/ffranca/.gradle/caches/modules-2/files-2.1/org.apache.maven.wagon/wagon-http-lightweight/1.0-beta-6/b3815078570c3b1f0667e123d59717c6b726c6c2/wagon-http-lightweight-1.0-beta-6.jar:/Users/ffranca/.gradle/caches/modules-2/files-2.1/org.apache.maven/maven-project/2.2.1/8239e98c16f641d55a4ad0e0bab0aee3aff8933f/maven-project-2.2.1.jar:/Users/ffranca/.gradle/caches/modules-2/files-2.1/org.apache.maven.wagon/wagon-file/1.0-beta-6/6c53633505460caf49d2660de1e24744d915afb9/wagon-file-1.0-beta-6.jar:/Users/ffranca/.gradle/caches/modules-2/files-2.1/org.apache.maven.wagon/wagon-provider-api/1.0-beta-6/3f952e0282ae77ae59851d96bb18015e520b6208/wagon-provider-api-1.0-beta-6.jar:/Users/ffranca/.gradle/caches/modules-2/files-2.1/com.squareup/javawriter/2.1.1/67ff45d9ae02e583d0f9b3432a5ebbe05c30c966/javawriter-2.1.1.jar:/Users/ffranca/.gradle/caches/transforms-1/files-1.1/support-core-ui-27.1.1.aar/84769c5d9f3d0babb5a1703e12d6b6e2/jars/classes.jar:/Users/ffranca/.gradle/caches/transforms-1/files-1.1/support-core-ui-27.1.1.aar/84769c5d9f3d0babb5a1703e12d6b6e2/res:/Users/ffranca/.gradle/cac
Launcher Type: SUN_STANDARD

Environment Variables:
PATH=/Users/ffranca/.nvm/versions/node/v9.4.0/bin:/Users/ffranca/.rvm/gems/ruby-2.4.2/bin:/Users/ffranca/.rvm/gems/ruby-2.4.2@global/bin:/Users/ffranca/.rvm/rubies/ruby-2.4.2/bin:/usr/local/bin:/usr/bin:/bin:/usr/sbin:/sbin:/Applications/Wireshark.app/Contents/MacOS:/Users/ffranca/.rvm/bin:/Users/ffranca/Library/Android/sdk/tools:/Users/ffranca/Library/Android/sdk/platform-tools:/Users/ffranca/projects/apache-maven-3.5.3/bin
SHELL=/bin/bash

Signal Handlers:
SIGSEGV: [libjvm.dylib+0x53f567], sa_mask[0]=11111111011111110111111111111111, sa_flags=SA_ONSTACK|SA_RESTART|SA_SIGINFO
SIGBUS: [libjvm.dylib+0x53f567], sa_mask[0]=11111111011111110111111111111111, sa_flags=SA_RESTART|SA_SIGINFO
SIGFPE: [libjvm.dylib+0x437adf], sa_mask[0]=11111111011111110111111111111111, sa_flags=SA_RESTART|SA_SIGINFO
SIGPIPE: [libjvm.dylib+0x437adf], sa_mask[0]=11111111011111110111111111111111, sa_flags=SA_RESTART|SA_SIGINFO
SIGXFSZ: [libjvm.dylib+0x437adf], sa_mask[0]=11111111011111110111111111111111, sa_flags=SA_RESTART|SA_SIGINFO
SIGILL: [libjvm.dylib+0x437adf], sa_mask[0]=11111111011111110111111111111111, sa_flags=SA_RESTART|SA_SIGINFO
SIGUSR1: SIG_DFL, sa_mask[0]=00000000000000000000000000000000, sa_flags=none
SIGUSR2: [libjvm.dylib+0x438404], sa_mask[0]=00100000000000000000000000000000, sa_flags=SA_RESTART|SA_SIGINFO
SIGHUP: [libjvm.dylib+0x4365f9], sa_mask[0]=11111111011111110111111111111111, sa_flags=SA_RESTART|SA_SIGINFO
SIGINT: [libjvm.dylib+0x4365f9], sa_mask[0]=11111111011111110111111111111111, sa_flags=SA_RESTART|SA_SIGINFO
SIGTERM: [libjvm.dylib+0x4365f9], sa_mask[0]=11111111011111110111111111111111, sa_flags=SA_RESTART|SA_SIGINFO
SIGQUIT: [libjvm.dylib+0x4365f9], sa_mask[0]=11111111011111110111111111111111, sa_flags=SA_RESTART|SA_SIGINFO


---------------  S Y S T E M  ---------------

OS:Bsduname:Darwin 17.6.0 Darwin Kernel Version 17.6.0: Tue May  8 15:22:16 PDT 2018; root:xnu-4570.61.1~1/RELEASE_X86_64 x86_64
rlimit: STACK 8192k, CORE 0k, NPROC 709, NOFILE 10240, AS infinity
load average:3.24 3.65 3.59

CPU:total 4 (initial active 4) (2 cores per cpu, 2 threads per core) family 6 model 58 stepping 9, cmov, cx8, fxsr, mmx, sse, sse2, sse3, ssse3, sse4.1, sse4.2, popcnt, avx, aes, clmul, erms, ht, tsc, tscinvbit, tscinv

Memory: 4k page, physical 8388608k(24732k free)

/proc/meminfo:


vm_info: OpenJDK 64-Bit Server VM (25.152-b01) for bsd-amd64 JRE (1.8.0_152-release-1024-b01), built by "builder" with gcc 4.2.1 Compatible Apple LLVM 8.1.0 (clang-802.0.42)

time: Fri Jun 22 23:15:29 2018
elapsed time: 85 seconds (0d 0h 1m 25s)

